<?xml version="1.0" encoding="UTF-8"?>
<testsuite name="problem.AppLauncherBaseCaseTest" tests="2" skipped="0" failures="0" errors="0" timestamp="2017-12-03T19:43:30" hostname="Chandans-MacBook-Pro.local" time="40.039">
  <properties/>
  <testcase name="testStart" classname="problem.AppLauncherBaseCaseTest" time="10.018"/>
  <testcase name="testStart" classname="problem.AppLauncherBaseCaseTest" time="10.004"/>
  <system-out><![CDATA[Processing /Users/rupakhet/Documents/Rose-Hulman/Teaching/CSSE-374/CourseMaterials/Concepts/2-1 Observer/LabWork/Lab2-1/./input_output/.temp...
Processing /Users/rupakhet/Documents/Rose-Hulman/Teaching/CSSE-374/CourseMaterials/Concepts/2-1 Observer/LabWork/Lab2-1/./input_output/.temp...
]]></system-out>
  <system-err><![CDATA[No support available for: ./input_output/.temp...
No support available for: ./input_output/.temp...
]]></system-err>
</testsuite>
